{"total": {"lines":{"total":1829,"covered":1518,"skipped":0,"pct":82.99},"statements":{"total":1829,"covered":1518,"skipped":0,"pct":82.99},"functions":{"total":49,"covered":47,"skipped":0,"pct":95.91},"branches":{"total":208,"covered":193,"skipped":0,"pct":92.78},"branchesTrue":{"total":0,"covered":0,"skipped":0,"pct":100}}
,"D:\\TUGAS AKHIR\\LINUX\\E-COMMERCE TUGAS AKHIR\\e-commerce\\apps\\backend-trpc\\src\\services\\admin.service.ts": {"lines":{"total":358,"covered":358,"skipped":0,"pct":100},"functions":{"total":8,"covered":8,"skipped":0,"pct":100},"statements":{"total":358,"covered":358,"skipped":0,"pct":100},"branches":{"total":25,"covered":22,"skipped":0,"pct":88}}
,"D:\\TUGAS AKHIR\\LINUX\\E-COMMERCE TUGAS AKHIR\\e-commerce\\apps\\backend-trpc\\src\\services\\auth.service.ts": {"lines":{"total":252,"covered":252,"skipped":0,"pct":100},"functions":{"total":8,"covered":8,"skipped":0,"pct":100},"statements":{"total":252,"covered":252,"skipped":0,"pct":100},"branches":{"total":27,"covered":26,"skipped":0,"pct":96.29}}
,"D:\\TUGAS AKHIR\\LINUX\\E-COMMERCE TUGAS AKHIR\\e-commerce\\apps\\backend-trpc\\src\\services\\cart.service.ts": {"lines":{"total":208,"covered":190,"skipped":0,"pct":91.34},"functions":{"total":6,"covered":6,"skipped":0,"pct":100},"statements":{"total":208,"covered":190,"skipped":0,"pct":91.34},"branches":{"total":44,"covered":40,"skipped":0,"pct":90.9}}
,"D:\\TUGAS AKHIR\\LINUX\\E-COMMERCE TUGAS AKHIR\\e-commerce\\apps\\backend-trpc\\src\\services\\category.service.ts": {"lines":{"total":32,"covered":32,"skipped":0,"pct":100},"functions":{"total":2,"covered":2,"skipped":0,"pct":100},"statements":{"total":32,"covered":32,"skipped":0,"pct":100},"branches":{"total":3,"covered":3,"skipped":0,"pct":100}}
,"D:\\TUGAS AKHIR\\LINUX\\E-COMMERCE TUGAS AKHIR\\e-commerce\\apps\\backend-trpc\\src\\services\\checkout.service.ts": {"lines":{"total":183,"covered":178,"skipped":0,"pct":97.26},"functions":{"total":3,"covered":3,"skipped":0,"pct":100},"statements":{"total":183,"covered":178,"skipped":0,"pct":97.26},"branches":{"total":35,"covered":32,"skipped":0,"pct":91.42}}
,"D:\\TUGAS AKHIR\\LINUX\\E-COMMERCE TUGAS AKHIR\\e-commerce\\apps\\backend-trpc\\src\\services\\order.service.ts": {"lines":{"total":208,"covered":202,"skipped":0,"pct":97.11},"functions":{"total":6,"covered":6,"skipped":0,"pct":100},"statements":{"total":208,"covered":202,"skipped":0,"pct":97.11},"branches":{"total":21,"covered":21,"skipped":0,"pct":100}}
,"D:\\TUGAS AKHIR\\LINUX\\E-COMMERCE TUGAS AKHIR\\e-commerce\\apps\\backend-trpc\\src\\services\\product.service.ts": {"lines":{"total":134,"covered":134,"skipped":0,"pct":100},"functions":{"total":4,"covered":4,"skipped":0,"pct":100},"statements":{"total":134,"covered":134,"skipped":0,"pct":100},"branches":{"total":15,"covered":15,"skipped":0,"pct":100}}
,"D:\\TUGAS AKHIR\\LINUX\\E-COMMERCE TUGAS AKHIR\\e-commerce\\apps\\backend-trpc\\src\\services\\profile.service.ts": {"lines":{"total":133,"covered":133,"skipped":0,"pct":100},"functions":{"total":8,"covered":8,"skipped":0,"pct":100},"statements":{"total":133,"covered":133,"skipped":0,"pct":100},"branches":{"total":26,"covered":24,"skipped":0,"pct":92.3}}
,"D:\\TUGAS AKHIR\\LINUX\\E-COMMERCE TUGAS AKHIR\\e-commerce\\apps\\backend-trpc\\src\\trpc\\context.ts": {"lines":{"total":211,"covered":0,"skipped":0,"pct":0},"functions":{"total":1,"covered":0,"skipped":0,"pct":0},"statements":{"total":211,"covered":0,"skipped":0,"pct":0},"branches":{"total":1,"covered":0,"skipped":0,"pct":0}}
,"D:\\TUGAS AKHIR\\LINUX\\E-COMMERCE TUGAS AKHIR\\e-commerce\\apps\\backend-trpc\\src\\trpc\\errors.ts": {"lines":{"total":39,"covered":39,"skipped":0,"pct":100},"functions":{"total":2,"covered":2,"skipped":0,"pct":100},"statements":{"total":39,"covered":39,"skipped":0,"pct":100},"branches":{"total":10,"covered":10,"skipped":0,"pct":100}}
,"D:\\TUGAS AKHIR\\LINUX\\E-COMMERCE TUGAS AKHIR\\e-commerce\\apps\\backend-trpc\\src\\trpc\\init.ts": {"lines":{"total":71,"covered":0,"skipped":0,"pct":0},"functions":{"total":1,"covered":0,"skipped":0,"pct":0},"statements":{"total":71,"covered":0,"skipped":0,"pct":0},"branches":{"total":1,"covered":0,"skipped":0,"pct":0}}
}
