{"total": {"lines":{"total":1926,"covered":1770,"skipped":0,"pct":91.9},"statements":{"total":1926,"covered":1770,"skipped":0,"pct":91.9},"functions":{"total":53,"covered":50,"skipped":0,"pct":94.33},"branches":{"total":236,"covered":221,"skipped":0,"pct":93.64},"branchesTrue":{"total":0,"covered":0,"skipped":0,"pct":100}}
,"D:\\TUGAS AKHIR\\LINUX\\E-COMMERCE TUGAS AKHIR\\e-commerce\\apps\\backend-rest\\src\\middlewares\\auth.middleware.ts": {"lines":{"total":126,"covered":117,"skipped":0,"pct":92.85},"functions":{"total":2,"covered":2,"skipped":0,"pct":100},"statements":{"total":126,"covered":117,"skipped":0,"pct":92.85},"branches":{"total":13,"covered":11,"skipped":0,"pct":84.61}}
,"D:\\TUGAS AKHIR\\LINUX\\E-COMMERCE TUGAS AKHIR\\e-commerce\\apps\\backend-rest\\src\\middlewares\\error.middleware.ts": {"lines":{"total":81,"covered":15,"skipped":0,"pct":18.51},"functions":{"total":2,"covered":1,"skipped":0,"pct":50},"statements":{"total":81,"covered":15,"skipped":0,"pct":18.51},"branches":{"total":1,"covered":1,"skipped":0,"pct":100}}
,"D:\\TUGAS AKHIR\\LINUX\\E-COMMERCE TUGAS AKHIR\\e-commerce\\apps\\backend-rest\\src\\middlewares\\role.middleware.ts": {"lines":{"total":110,"covered":110,"skipped":0,"pct":100},"functions":{"total":2,"covered":2,"skipped":0,"pct":100},"statements":{"total":110,"covered":110,"skipped":0,"pct":100},"branches":{"total":16,"covered":16,"skipped":0,"pct":100}}
,"D:\\TUGAS AKHIR\\LINUX\\E-COMMERCE TUGAS AKHIR\\e-commerce\\apps\\backend-rest\\src\\middlewares\\validate.middleware.ts": {"lines":{"total":59,"covered":58,"skipped":0,"pct":98.3},"functions":{"total":2,"covered":2,"skipped":0,"pct":100},"statements":{"total":59,"covered":58,"skipped":0,"pct":98.3},"branches":{"total":11,"covered":10,"skipped":0,"pct":90.9}}
,"D:\\TUGAS AKHIR\\LINUX\\E-COMMERCE TUGAS AKHIR\\e-commerce\\apps\\backend-rest\\src\\services\\admin.service.ts": {"lines":{"total":358,"covered":355,"skipped":0,"pct":99.16},"functions":{"total":8,"covered":8,"skipped":0,"pct":100},"statements":{"total":358,"covered":355,"skipped":0,"pct":99.16},"branches":{"total":22,"covered":21,"skipped":0,"pct":95.45}}
,"D:\\TUGAS AKHIR\\LINUX\\E-COMMERCE TUGAS AKHIR\\e-commerce\\apps\\backend-rest\\src\\services\\auth.service.ts": {"lines":{"total":252,"covered":252,"skipped":0,"pct":100},"functions":{"total":8,"covered":8,"skipped":0,"pct":100},"statements":{"total":252,"covered":252,"skipped":0,"pct":100},"branches":{"total":26,"covered":25,"skipped":0,"pct":96.15}}
,"D:\\TUGAS AKHIR\\LINUX\\E-COMMERCE TUGAS AKHIR\\e-commerce\\apps\\backend-rest\\src\\services\\cart.service.ts": {"lines":{"total":207,"covered":189,"skipped":0,"pct":91.3},"functions":{"total":6,"covered":6,"skipped":0,"pct":100},"statements":{"total":207,"covered":189,"skipped":0,"pct":91.3},"branches":{"total":44,"covered":40,"skipped":0,"pct":90.9}}
,"D:\\TUGAS AKHIR\\LINUX\\E-COMMERCE TUGAS AKHIR\\e-commerce\\apps\\backend-rest\\src\\services\\category.service.ts": {"lines":{"total":33,"covered":33,"skipped":0,"pct":100},"functions":{"total":2,"covered":2,"skipped":0,"pct":100},"statements":{"total":33,"covered":33,"skipped":0,"pct":100},"branches":{"total":3,"covered":3,"skipped":0,"pct":100}}
,"D:\\TUGAS AKHIR\\LINUX\\E-COMMERCE TUGAS AKHIR\\e-commerce\\apps\\backend-rest\\src\\services\\checkout.service.ts": {"lines":{"total":194,"covered":144,"skipped":0,"pct":74.22},"functions":{"total":3,"covered":2,"skipped":0,"pct":66.66},"statements":{"total":194,"covered":144,"skipped":0,"pct":74.22},"branches":{"total":33,"covered":30,"skipped":0,"pct":90.9}}
,"D:\\TUGAS AKHIR\\LINUX\\E-COMMERCE TUGAS AKHIR\\e-commerce\\apps\\backend-rest\\src\\services\\order.service.ts": {"lines":{"total":219,"covered":213,"skipped":0,"pct":97.26},"functions":{"total":6,"covered":6,"skipped":0,"pct":100},"statements":{"total":219,"covered":213,"skipped":0,"pct":97.26},"branches":{"total":26,"covered":26,"skipped":0,"pct":100}}
,"D:\\TUGAS AKHIR\\LINUX\\E-COMMERCE TUGAS AKHIR\\e-commerce\\apps\\backend-rest\\src\\services\\product.service.ts": {"lines":{"total":145,"covered":142,"skipped":0,"pct":97.93},"functions":{"total":4,"covered":3,"skipped":0,"pct":75},"statements":{"total":145,"covered":142,"skipped":0,"pct":97.93},"branches":{"total":15,"covered":14,"skipped":0,"pct":93.33}}
,"D:\\TUGAS AKHIR\\LINUX\\E-COMMERCE TUGAS AKHIR\\e-commerce\\apps\\backend-rest\\src\\services\\profile.service.ts": {"lines":{"total":142,"covered":142,"skipped":0,"pct":100},"functions":{"total":8,"covered":8,"skipped":0,"pct":100},"statements":{"total":142,"covered":142,"skipped":0,"pct":100},"branches":{"total":26,"covered":24,"skipped":0,"pct":92.3}}
}
